<?xml version="1.0" encoding="UTF-8"?>
<testsuites>
  <testsuite name="Check rules for EntityDefinition" tests="0" failures="0" errors="0" skipped="0"/>
  <testsuite name="Check rules for CustomField" tests="102" failures="56" errors="0" skipped="0">
    <testcase classname="CustomField.AdresseCodeINSEE" name="A CustomField API Name must be PascalCase"/>
    <testcase classname="CustomField.Test_Formula1_del" name="A CustomField API Name must be PascalCase">
      <failure message="Changed done by Stephanie Tinseau"/>
    </testcase>
    <testcase classname="CustomField.Test_Picklist1_del" name="A CustomField API Name must be PascalCase">
      <failure message="Changed done by Stephanie Tinseau"/>
    </testcase>
    <testcase classname="CustomField.Contact" name="A CustomField API Name must be PascalCase"/>
    <testcase classname="CustomField.InterlocuteurRecurrent" name="A CustomField API Name must be PascalCase"/>
    <testcase classname="CustomField.NombreReaffectations" name="A CustomField API Name must be PascalCase"/>
    <testcase classname="CustomField.Answer" name="A CustomField API Name must be PascalCase"/>
    <testcase classname="CustomField.Question" name="A CustomField API Name must be PascalCase"/>
    <testcase classname="CustomField.AddressExtras" name="A CustomField API Name must be PascalCase"/>
    <testcase classname="CustomField.Address" name="A CustomField API Name must be PascalCase"/>
    <testcase classname="CustomField.Email" name="A CustomField API Name must be PascalCase"/>
    <testcase classname="CustomField.MobilePhone2" name="A CustomField API Name must be PascalCase"/>
    <testcase classname="CustomField.Phone2" name="A CustomField API Name must be PascalCase"/>
    <testcase classname="CustomField.MobilePhone1" name="A CustomField API Name must be PascalCase"/>
    <testcase classname="CustomField.Phone1" name="A CustomField API Name must be PascalCase"/>
    <testcase classname="CustomField.Test" name="A CustomField API Name must be PascalCase"/>
    <testcase classname="CustomField.TECH_BlnEcheance2j" name="A CustomField API Name must be PascalCase">
      <failure message="Changed done by Stephanie Tinseau"/>
    </testcase>
    <testcase classname="CustomField.Client" name="A CustomField API Name must be PascalCase"/>
    <testcase classname="CustomField.Contrat" name="A CustomField API Name must be PascalCase"/>
    <testcase classname="CustomField.Interlocuteur" name="A CustomField API Name must be PascalCase"/>
    <testcase classname="CustomField.RelatedRole" name="A CustomField API Name must be PascalCase"/>
    <testcase classname="CustomField.Account" name="A CustomField API Name must be PascalCase"/>
    <testcase classname="CustomField.CustomerAccount" name="A CustomField API Name must be PascalCase"/>
    <testcase classname="CustomField.CustomerAccount" name="A CustomField API Name must be PascalCase"/>
    <testcase classname="CustomField.Role" name="A CustomField API Name must be PascalCase"/>
    <testcase classname="CustomField.Origin" name="A CustomField API Name must be PascalCase"/>
    <testcase classname="CustomField.Adresse" name="A CustomField API Name must be PascalCase"/>
    <testcase classname="CustomField.Email" name="A CustomField API Name must be PascalCase"/>
    <testcase classname="CustomField.Phone" name="A CustomField API Name must be PascalCase"/>
    <testcase classname="CustomField.ContactRole" name="A CustomField API Name must be PascalCase"/>
    <testcase classname="CustomField.DeployID" name="A CustomField API Name must be PascalCase"/>
    <testcase classname="CustomField.DeployID" name="A CustomField API Name must be PascalCase"/>
    <testcase classname="CustomField.DeployID" name="A CustomField API Name must be PascalCase"/>
    <testcase classname="CustomField.MotifCloture" name="A CustomField API Name must be PascalCase"/>
    <testcase classname="CustomField.ExternalId" name="A CustomField API Name must be PascalCase"/>
    <testcase classname="CustomField.TECH_TraitementImmediat" name="A CustomField API Name must be PascalCase">
      <failure message="Changed done by Stephanie Tinseau"/>
    </testcase>
    <testcase classname="CustomField.PRM" name="A CustomField API Name must be PascalCase"/>
    <testcase classname="CustomField.PRM" name="A CustomField API Name must be PascalCase"/>
    <testcase classname="CustomField.SourceCanalContact" name="A CustomField API Name must be PascalCase"/>
    <testcase classname="CustomField.AdressePostale" name="A CustomField API Name must be PascalCase"/>
    <testcase classname="CustomField.Type_canal_de_contact" name="A CustomField API Name must be PascalCase">
      <failure message="Changed done by Jérémy Duthoit"/>
    </testcase>
    <testcase classname="CustomField.EtatPRM" name="A CustomField API Name must be PascalCase"/>
    <testcase classname="CustomField.TypeBranchement" name="A CustomField API Name must be PascalCase"/>
    <testcase classname="CustomField.AdressePRM" name="A CustomField API Name must be PascalCase"/>
    <testcase classname="CustomField.TypeContrat" name="A CustomField API Name must be PascalCase"/>
    <testcase classname="CustomField.EtatCompteur" name="A CustomField API Name must be PascalCase"/>
    <testcase classname="CustomField.PuissanceSouscrite" name="A CustomField API Name must be PascalCase"/>
    <testcase classname="CustomField.TypeBranchement" name="A CustomField API Name must be PascalCase"/>
    <testcase classname="CustomField.Status" name="A CustomField API Name must be PascalCase"/>
    <testcase classname="CustomField.DateMES" name="A CustomField API Name must be PascalCase"/>
    <testcase classname="CustomField.IsRecurrentContact" name="A CustomField API Name must be PascalCase"/>
    <testcase classname="CustomField.AdresseCodeINSEE" name="Custom Fields must have a Description.">
      <failure message="Changed done by Stephanie Tinseau"/>
    </testcase>
    <testcase classname="CustomField.Test_Formula1_del" name="Custom Fields must have a Description.">
      <failure message="Changed done by Stephanie Tinseau"/>
    </testcase>
    <testcase classname="CustomField.Test_Picklist1_del" name="Custom Fields must have a Description.">
      <failure message="Changed done by Stephanie Tinseau"/>
    </testcase>
    <testcase classname="CustomField.Contact" name="Custom Fields must have a Description.">
      <failure message="Changed done by Stephanie Tinseau"/>
    </testcase>
    <testcase classname="CustomField.InterlocuteurRecurrent" name="Custom Fields must have a Description.">
      <failure message="Changed done by Stephanie Tinseau"/>
    </testcase>
    <testcase classname="CustomField.NombreReaffectations" name="Custom Fields must have a Description.">
      <failure message="Changed done by Shamina MOSSODEEA"/>
    </testcase>
    <testcase classname="CustomField.Answer" name="Custom Fields must have a Description.">
      <failure message="Changed done by Stephanie Tinseau"/>
    </testcase>
    <testcase classname="CustomField.Question" name="Custom Fields must have a Description.">
      <failure message="Changed done by Stephanie Tinseau"/>
    </testcase>
    <testcase classname="CustomField.AddressExtras" name="Custom Fields must have a Description.">
      <failure message="Changed done by Stephanie Tinseau"/>
    </testcase>
    <testcase classname="CustomField.Address" name="Custom Fields must have a Description.">
      <failure message="Changed done by Stephanie Tinseau"/>
    </testcase>
    <testcase classname="CustomField.Email" name="Custom Fields must have a Description.">
      <failure message="Changed done by Stephanie Tinseau"/>
    </testcase>
    <testcase classname="CustomField.MobilePhone2" name="Custom Fields must have a Description.">
      <failure message="Changed done by Stephanie Tinseau"/>
    </testcase>
    <testcase classname="CustomField.Phone2" name="Custom Fields must have a Description.">
      <failure message="Changed done by Stephanie Tinseau"/>
    </testcase>
    <testcase classname="CustomField.MobilePhone1" name="Custom Fields must have a Description.">
      <failure message="Changed done by Stephanie Tinseau"/>
    </testcase>
    <testcase classname="CustomField.Phone1" name="Custom Fields must have a Description.">
      <failure message="Changed done by Stephanie Tinseau"/>
    </testcase>
    <testcase classname="CustomField.Test" name="Custom Fields must have a Description.">
      <failure message="Changed done by Kévin MOULET"/>
    </testcase>
    <testcase classname="CustomField.TECH_BlnEcheance2j" name="Custom Fields must have a Description.">
      <failure message="Changed done by Stephanie Tinseau"/>
    </testcase>
    <testcase classname="CustomField.Client" name="Custom Fields must have a Description.">
      <failure message="Changed done by Sabri BENHADDA"/>
    </testcase>
    <testcase classname="CustomField.Contrat" name="Custom Fields must have a Description.">
      <failure message="Changed done by Sabri BENHADDA"/>
    </testcase>
    <testcase classname="CustomField.Interlocuteur" name="Custom Fields must have a Description.">
      <failure message="Changed done by Sabri BENHADDA"/>
    </testcase>
    <testcase classname="CustomField.RelatedRole" name="Custom Fields must have a Description.">
      <failure message="Changed done by Sabri BENHADDA"/>
    </testcase>
    <testcase classname="CustomField.Account" name="Custom Fields must have a Description.">
      <failure message="Changed done by Sabri BENHADDA"/>
    </testcase>
    <testcase classname="CustomField.CustomerAccount" name="Custom Fields must have a Description.">
      <failure message="Changed done by Sabri BENHADDA"/>
    </testcase>
    <testcase classname="CustomField.CustomerAccount" name="Custom Fields must have a Description.">
      <failure message="Changed done by Sabri BENHADDA"/>
    </testcase>
    <testcase classname="CustomField.Role" name="Custom Fields must have a Description.">
      <failure message="Changed done by Sabri BENHADDA"/>
    </testcase>
    <testcase classname="CustomField.Origin" name="Custom Fields must have a Description.">
      <failure message="Changed done by Sabri BENHADDA"/>
    </testcase>
    <testcase classname="CustomField.Adresse" name="Custom Fields must have a Description.">
      <failure message="Changed done by Sabri BENHADDA"/>
    </testcase>
    <testcase classname="CustomField.Email" name="Custom Fields must have a Description.">
      <failure message="Changed done by Sabri BENHADDA"/>
    </testcase>
    <testcase classname="CustomField.Phone" name="Custom Fields must have a Description.">
      <failure message="Changed done by Sabri BENHADDA"/>
    </testcase>
    <testcase classname="CustomField.ContactRole" name="Custom Fields must have a Description.">
      <failure message="Changed done by Sabri BENHADDA"/>
    </testcase>
    <testcase classname="CustomField.DeployID" name="Custom Fields must have a Description.">
      <failure message="Changed done by Thomas Braux"/>
    </testcase>
    <testcase classname="CustomField.DeployID" name="Custom Fields must have a Description.">
      <failure message="Changed done by Thomas Braux"/>
    </testcase>
    <testcase classname="CustomField.DeployID" name="Custom Fields must have a Description.">
      <failure message="Changed done by Thomas Braux"/>
    </testcase>
    <testcase classname="CustomField.MotifCloture" name="Custom Fields must have a Description.">
      <failure message="Changed done by Shamina MOSSODEEA"/>
    </testcase>
    <testcase classname="CustomField.ExternalId" name="Custom Fields must have a Description.">
      <failure message="Changed done by Nicolas Despres"/>
    </testcase>
    <testcase classname="CustomField.TECH_TraitementImmediat" name="Custom Fields must have a Description.">
      <failure message="Changed done by Stephanie Tinseau"/>
    </testcase>
    <testcase classname="CustomField.PRM" name="Custom Fields must have a Description.">
      <failure message="Changed done by Stephanie Tinseau"/>
    </testcase>
    <testcase classname="CustomField.PRM" name="Custom Fields must have a Description.">
      <failure message="Changed done by Jérémy Duthoit"/>
    </testcase>
    <testcase classname="CustomField.SourceCanalContact" name="Custom Fields must have a Description.">
      <failure message="Changed done by Jérémy Duthoit"/>
    </testcase>
    <testcase classname="CustomField.AdressePostale" name="Custom Fields must have a Description.">
      <failure message="Changed done by Jérémy Duthoit"/>
    </testcase>
    <testcase classname="CustomField.Type_canal_de_contact" name="Custom Fields must have a Description.">
      <failure message="Changed done by Jérémy Duthoit"/>
    </testcase>
    <testcase classname="CustomField.EtatPRM" name="Custom Fields must have a Description.">
      <failure message="Changed done by Stephanie Tinseau"/>
    </testcase>
    <testcase classname="CustomField.TypeBranchement" name="Custom Fields must have a Description.">
      <failure message="Changed done by Stephanie Tinseau"/>
    </testcase>
    <testcase classname="CustomField.AdressePRM" name="Custom Fields must have a Description.">
      <failure message="Changed done by Stephanie Tinseau"/>
    </testcase>
    <testcase classname="CustomField.TypeContrat" name="Custom Fields must have a Description.">
      <failure message="Changed done by Stephanie Tinseau"/>
    </testcase>
    <testcase classname="CustomField.EtatCompteur" name="Custom Fields must have a Description.">
      <failure message="Changed done by Nicolas Despres"/>
    </testcase>
    <testcase classname="CustomField.PuissanceSouscrite" name="Custom Fields must have a Description.">
      <failure message="Changed done by Nicolas Despres"/>
    </testcase>
    <testcase classname="CustomField.TypeBranchement" name="Custom Fields must have a Description.">
      <failure message="Changed done by Stephanie Tinseau"/>
    </testcase>
    <testcase classname="CustomField.Status" name="Custom Fields must have a Description.">
      <failure message="Changed done by Stephanie Tinseau"/>
    </testcase>
    <testcase classname="CustomField.DateMES" name="Custom Fields must have a Description.">
      <failure message="Changed done by Stephanie Tinseau"/>
    </testcase>
    <testcase classname="CustomField.IsRecurrentContact" name="Custom Fields must have a Description.">
      <failure message="Changed done by Stephanie Tinseau"/>
    </testcase>
  </testsuite>
  <testsuite name="Check rules for Flow" tests="0" failures="0" errors="0" skipped="0"/>
  <testsuite name="Check rules for PermissionSet" tests="0" failures="0" errors="0" skipped="0"/>
  <testsuite name="Check rules for ApexClass" tests="0" failures="0" errors="0" skipped="0"/>
  <testsuite name="Check rules for LightningComponentResource" tests="0" failures="0" errors="0" skipped="0"/>
  <testsuite name="Check rules for OmniUiCard" tests="0" failures="0" errors="0" skipped="0"/>
  <testsuite name="Check rules for OmniProcess" tests="0" failures="0" errors="0" skipped="0"/>
  <testsuite name="Check rules for OmniProcessElement" tests="0" failures="0" errors="0" skipped="0"/>
  <testsuite name="Check rules for OmniDataTransform" tests="0" failures="0" errors="0" skipped="0"/>
  <testsuite name="Check rules for FieldPermissions" tests="0" failures="0" errors="0" skipped="0"/>
</testsuites>