<?xml version="1.0" encoding="UTF-8"?>
<testsuites>
  <testsuite name="Check rules for EntityDefinition" tests="0" failures="0" errors="0" skipped="0"/>
  <testsuite name="Check rules for CustomField" tests="0" failures="0" errors="0" skipped="0"/>
  <testsuite name="Check rules for Flow" tests="0" failures="0" errors="0" skipped="0"/>
  <testsuite name="Check rules for PermissionSet" tests="0" failures="0" errors="0" skipped="0"/>
  <testsuite name="Check rules for ApexClass" tests="0" failures="0" errors="0" skipped="0"/>
  <testsuite name="Check rules for LightningComponentResource" tests="0" failures="0" errors="0" skipped="0"/>
  <testsuite name="Check rules for OmniUiCard" tests="0" failures="0" errors="0" skipped="0"/>
  <testsuite name="Check rules for OmniProcess" tests="0" failures="0" errors="0" skipped="0"/>
</testsuites>